1765778072491:help
1765778078025:hello chandler
1765780100410:help
1765780105610:newTask
1765780116950:newTask Do Dishes
1765780127717:print-tasks
1765780601701:help
1765780604614:newTask
1765780613436:hi
1765780620149:newTask
1765780628558:newTask hello
1765780643004:print-tasks
1765780683649:newTask
1765780692017:print-tasks
1765780694867:newTask
1765780703860:print-tasks
1765781345900:newTask
1765781359873:print-tasks
1765781512845:newTask
1765781607491:printTask
1765781609955:help
1765781627858:show to-do
1765782071517:newTask
1765782079177:help
1765782084137:list-tasks
1765782199302:newTask
1765782218154:help
1765782221943:list-tasks
1765782255553:newTask
1765782273926:list-tasks
1765782294172:newTask
1765782301407:list-tasls
1765782304663:list-tasks
1765782356300:newTask
1765782365608:list-tasks
1765782392947:newTask
1765782397993:list-tasks
1765782820724:newTask
1765782847262:list-tasks
1765782914978:newTask
1765782926079:list-tasks
1765783030382:newTask
1765783041058:list-tasks
1765820818487:help
1765820823064:newtask
1765820834746:newTask
1765820843994:list-tasks
1765820846969:clear
1765820889908:newTask
1765820909567:list-tasks
1765820987529:newTask
1765821001192:list-tasks
1765821042635:newTask
1765821053413:list-tasks
1765824447830:help
1765824449979:newTask
1765824464081:list-tasks
1765824685211:newTask
1765824789237:list-tasks
